{"uuid":"9f3ca8b8-4294-4832-828b-f2b00ffc931f","historyId":"f20e1ae0d48024aa714081af3591b57c","fullName":"api.UpdateTicketTest.updateTicketTest","labels":[{"name":"package","value":"api.UpdateTicketTest"},{"name":"testClass","value":"api.UpdateTicketTest"},{"name":"testMethod","value":"updateTicketTest"},{"name":"parentSuite","value":"Default Suite"},{"name":"suite","value":"Kotik"},{"name":"subSuite","value":"api.UpdateTicketTest"},{"name":"host","value":"DESKTOP-M14P9V7"},{"name":"thread","value":"20912@DESKTOP-M14P9V7.main(1)"},{"name":"framework","value":"testng"},{"name":"language","value":"java"}],"links":[],"name":"updateTicketTest","status":"broken","statusDetails":{"known":false,"muted":false,"flaky":false,"message":"\nMethod UpdateTicketTest.updateTicketTest()[pri:0, instance:api.UpdateTicketTest@799d4f69] should have thrown an exception of type class java.lang.AssertionError","trace":"org.testng.TestException: \nMethod UpdateTicketTest.updateTicketTest()[pri:0, instance:api.UpdateTicketTest@799d4f69] should have thrown an exception of type class java.lang.AssertionError\r\n\tat org.testng.internal.ExpectedExceptionsHolder.noException(ExpectedExceptionsHolder.java:88)\r\n\tat org.testng.internal.Invoker.handleInvocationResults(Invoker.java:1384)\r\n\tat org.testng.internal.Invoker.invokeMethod(Invoker.java:677)\r\n\tat org.testng.internal.Invoker.invokeTestMethod(Invoker.java:821)\r\n\tat org.testng.internal.Invoker.invokeTestMethods(Invoker.java:1131)\r\n\tat org.testng.internal.TestMethodWorker.invokeTestMethods(TestMethodWorker.java:124)\r\n\tat org.testng.internal.TestMethodWorker.run(TestMethodWorker.java:108)\r\n\tat org.testng.TestRunner.privateRun(TestRunner.java:773)\r\n\tat org.testng.TestRunner.run(TestRunner.java:623)\r\n\tat org.testng.SuiteRunner.runTest(SuiteRunner.java:357)\r\n\tat org.testng.SuiteRunner.runSequentially(SuiteRunner.java:352)\r\n\tat org.testng.SuiteRunner.privateRun(SuiteRunner.java:310)\r\n\tat org.testng.SuiteRunner.run(SuiteRunner.java:259)\r\n\tat org.testng.SuiteRunnerWorker.runSuite(SuiteRunnerWorker.java:52)\r\n\tat org.testng.SuiteRunnerWorker.run(SuiteRunnerWorker.java:86)\r\n\tat org.testng.TestNG.runSuitesSequentially(TestNG.java:1185)\r\n\tat org.testng.TestNG.runSuitesLocally(TestNG.java:1110)\r\n\tat org.testng.TestNG.run(TestNG.java:1018)\r\n\tat com.intellij.rt.testng.IDEARemoteTestNG.run(IDEARemoteTestNG.java:66)\r\n\tat com.intellij.rt.testng.RemoteTestNGStarter.main(RemoteTestNGStarter.java:109)\r\n"},"stage":"finished","steps":[],"attachments":[],"parameters":[],"start":1702146836447,"stop":1702146838571}